src/data/repositories/ApplicationRepositoryImpl.ts(8,39): error TS2345: Argument of type '{ readonly typeName: "api.application.v1.ApplicationService"; readonly methods: { readonly createApplication: { readonly name: "CreateApplication"; readonly I: typeof CreateApplicationRequest; readonly O: typeof Application; readonly kind: any; }; ... 8 more ...; readonly getPresignedUrl: { ...; }; }; }' is not assignable to parameter of type 'DescService'.
  Type '{ readonly typeName: "api.application.v1.ApplicationService"; readonly methods: { readonly createApplication: { readonly name: "CreateApplication"; readonly I: typeof CreateApplicationRequest; readonly O: typeof Application; readonly kind: any; }; ... 8 more ...; readonly getPresignedUrl: { ...; }; }; }' is missing the following properties from type 'DescService': kind, name, file, method, and 2 more.
src/data/repositories/ApplicationRepositoryImpl.ts(12,48): error TS2349: This expression is not callable.
  Type 'never' has no call signatures.
